<?xml version="1.0" encoding="UTF-8"?>
<testng-results skipped="0" failed="0" ignored="0" total="1" passed="1">
  <reporter-output>
  </reporter-output>
  <suite name="helloworld.Testhelloworld" duration-ms="107" started-at="2021-03-25T16:50:45 IST" finished-at="2021-03-25T16:50:45 IST">
    <groups>
    </groups>
    <test name="Command line test" duration-ms="107" started-at="2021-03-25T16:50:45 IST" finished-at="2021-03-25T16:50:45 IST">
      <class name="helloworld.Testhelloworld">
        <test-method status="PASS" signature="Testhello()[pri:0, instance:helloworld.Testhelloworld@39c0f4a]" name="Testhello" duration-ms="10" started-at="2021-03-25T16:50:45 IST" finished-at="2021-03-25T16:50:45 IST">
          <reporter-output>
          </reporter-output>
        </test-method> <!-- Testhello -->
      </class> <!-- helloworld.Testhelloworld -->
    </test> <!-- Command line test -->
  </suite> <!-- helloworld.Testhelloworld -->
</testng-results>
